<?xml version="1.0" encoding="UTF-8"?>
<!-- Generated by org.testng.reporters.JUnitReportReporter -->
<testsuite hostname="DESKTOP-OPG4U03" failures="0" tests="1" name="test.TestNGD2" time="0.009" errors="0" timestamp="2023-09-21T11:40:36 IST" skipped="0">
  <testcase classname="test.TestNGD2" name="ThirdTest" time="0.009"/>
</testsuite> <!-- test.TestNGD2 -->
