<?xml version="1.0" encoding="UTF-8"?>
<!-- Generated by org.testng.reporters.JUnitReportReporter -->
<testsuite hostname="DESKTOP-OPG4U03" failures="0" tests="4" name="test.TestNGD3" time="0.032" errors="0" timestamp="2023-09-21T11:40:36 IST" skipped="0">
  <testcase classname="test.TestNGD3" name="MobileSignoutCar" time="0.006"/>
  <testcase classname="test.TestNGD3" name="MobileSignoutCar" time="0.006"/>
  <testcase classname="test.TestNGD3" name="MobileSigninCar" time="0.015"/>
  <testcase classname="test.TestNGD3" name="MobileSignoutCar" time="0.005"/>
</testsuite> <!-- test.TestNGD3 -->
