<?xml version="1.0" encoding="UTF-8"?>
<!-- Generated by org.testng.reporters.JUnitReportReporter -->
<testsuite hostname="DESKTOP-OPG4U03" failures="0" tests="1" name="test.TestNGD4" time="0.004" errors="0" timestamp="2023-09-21T11:40:36 IST" skipped="0">
  <testcase classname="test.TestNGD4" name="LoginHomeapi" time="0.004"/>
</testsuite> <!-- test.TestNGD4 -->
